<?xml version="1.0" encoding="UTF-8"?>
<!-- Generated by org.testng.reporters.JUnitXMLReporter -->
<testsuite hostname="MSD001" ignored="0" name="Default test" tests="9" failures="0" timestamp="14 Jul 2017 12:01:11 GMT" time="74.618" errors="0">
  <testcase name="getSteps" time="49.975" classname="com.prodifidemo.mrrsoft.Prodifi.executor.Execute"/>
  <testcase name="getSteps" time="10.848" classname="com.prodifidemo.mrrsoft.Prodifi.executor.Execute"/>
  <testcase name="getSteps" time="3.66" classname="com.prodifidemo.mrrsoft.Prodifi.executor.Execute"/>
  <testcase name="getSteps" time="0.614" classname="com.prodifidemo.mrrsoft.Prodifi.executor.Execute"/>
  <testcase name="getSteps" time="0.346" classname="com.prodifidemo.mrrsoft.Prodifi.executor.Execute"/>
  <testcase name="getSteps" time="0.157" classname="com.prodifidemo.mrrsoft.Prodifi.executor.Execute"/>
  <testcase name="getSteps" time="5.061" classname="com.prodifidemo.mrrsoft.Prodifi.executor.Execute"/>
  <testcase name="getSteps" time="0.133" classname="com.prodifidemo.mrrsoft.Prodifi.executor.Execute"/>
  <testcase name="getSteps" time="3.252" classname="com.prodifidemo.mrrsoft.Prodifi.executor.Execute"/>
</testsuite> <!-- Default test -->
